2024-01-10 19:22:08,264 - DEBUG : demolog
2024-01-10 19:22:08,265 - INFO : demolog
2024-01-10 19:22:08,265 - WARNING : demolog
2024-01-10 19:22:08,265 - ERROR : demolog
2024-01-10 19:22:08,265 - CRITICAL : demolog
2024-04-14 20:22:16,635 - DEBUG : demolog
2024-04-14 20:22:16,641 - INFO : demolog
2024-04-14 20:22:16,643 - WARNING : demolog
2024-04-14 20:22:16,645 - ERROR : demolog
2024-04-14 20:22:16,646 - CRITICAL : demolog
2024-04-14 20:23:19,780 - DEBUG : demolog
2024-04-14 20:23:19,786 - INFO : demolog
2024-04-14 20:23:19,787 - WARNING : demolog
2024-04-14 20:23:19,789 - ERROR : demolog
2024-04-14 20:23:27,150 - DEBUG : demolog
2024-04-14 20:23:27,155 - INFO : demolog
2024-04-14 20:23:27,157 - WARNING : demolog
2024-04-14 20:25:52,550 - INFO : demolog
2024-04-14 20:29:17,890 - INFO : demolog
2024-04-14 20:29:52,879 - INFO : __main__
2024-04-14 20:30:49,174 - INFO : LoggerDemo
